c:\1)_gdt_homework\1) ai game\week 13\180538a_alexanderneo_aigame_a2-main\ai\debug\vc142.pdb
c:\1)_gdt_homework\1) ai game\week 13\180538a_alexanderneo_aigame_a2-main\ai\debug\vc142.idb
c:\1)_gdt_homework\1) ai game\week 13\180538a_alexanderneo_aigame_a2-main\ai\debug\statemachine.obj
c:\1)_gdt_homework\1) ai game\week 13\180538a_alexanderneo_aigame_a2-main\ai\debug\state.obj
c:\1)_gdt_homework\1) ai game\week 13\180538a_alexanderneo_aigame_a2-main\ai\debug\shader.obj
c:\1)_gdt_homework\1) ai game\week 13\180538a_alexanderneo_aigame_a2-main\ai\debug\scenehex.obj
c:\1)_gdt_homework\1) ai game\week 13\180538a_alexanderneo_aigame_a2-main\ai\debug\scenedata.obj
c:\1)_gdt_homework\1) ai game\week 13\180538a_alexanderneo_aigame_a2-main\ai\debug\scenebase.obj
c:\1)_gdt_homework\1) ai game\week 13\180538a_alexanderneo_aigame_a2-main\ai\debug\scenea2.obj
c:\1)_gdt_homework\1) ai game\week 13\180538a_alexanderneo_aigame_a2-main\ai\debug\postoffice.obj
c:\1)_gdt_homework\1) ai game\week 13\180538a_alexanderneo_aigame_a2-main\ai\debug\meshbuilder.obj
c:\1)_gdt_homework\1) ai game\week 13\180538a_alexanderneo_aigame_a2-main\ai\debug\mesh.obj
c:\1)_gdt_homework\1) ai game\week 13\180538a_alexanderneo_aigame_a2-main\ai\debug\tile.obj
c:\1)_gdt_homework\1) ai game\week 13\180538a_alexanderneo_aigame_a2-main\ai\debug\mazept.obj
c:\1)_gdt_homework\1) ai game\week 13\180538a_alexanderneo_aigame_a2-main\ai\debug\mazegenerator.obj
c:\1)_gdt_homework\1) ai game\week 13\180538a_alexanderneo_aigame_a2-main\ai\debug\maze.obj
c:\1)_gdt_homework\1) ai game\week 13\180538a_alexanderneo_aigame_a2-main\ai\debug\main.obj
c:\1)_gdt_homework\1) ai game\week 13\180538a_alexanderneo_aigame_a2-main\ai\debug\loadtga.obj
c:\1)_gdt_homework\1) ai game\week 13\180538a_alexanderneo_aigame_a2-main\ai\debug\loadobj.obj
c:\1)_gdt_homework\1) ai game\week 13\180538a_alexanderneo_aigame_a2-main\ai\debug\entity.obj
c:\1)_gdt_homework\1) ai game\week 13\180538a_alexanderneo_aigame_a2-main\ai\debug\camera.obj
c:\1)_gdt_homework\1) ai game\week 13\180538a_alexanderneo_aigame_a2-main\ai\debug\application.obj
c:\1)_gdt_homework\1) ai game\week 13\180538a_alexanderneo_aigame_a2-main\ai\debug\utility.obj
c:\1)_gdt_homework\1) ai game\week 13\180538a_alexanderneo_aigame_a2-main\ai\debug\statestank.obj
c:\1)_gdt_homework\1) ai game\week 13\180538a_alexanderneo_aigame_a2-main\ai\debug\statessoldier.obj
c:\1)_gdt_homework\1) ai game\week 13\180538a_alexanderneo_aigame_a2-main\ai\debug\statesmedic.obj
c:\1)_gdt_homework\1) ai game\week 13\180538a_alexanderneo_aigame_a2-main\ai\debug\statesarcher.obj
c:\1)_gdt_homework\1) ai game\week 13\180538a_alexanderneo_aigame_a2-main\debug\ai.exe
c:\1)_gdt_homework\1) ai game\week 13\180538a_alexanderneo_aigame_a2-main\debug\ai.ilk
c:\1)_gdt_homework\1) ai game\week 13\180538a_alexanderneo_aigame_a2-main\debug\ai.pdb
c:\1)_gdt_homework\1) ai game\week 13\180538a_alexanderneo_aigame_a2-main\ai\debug\statesarcher.obj.enc
c:\1)_gdt_homework\1) ai game\week 13\180538a_alexanderneo_aigame_a2-main\ai\debug\ai.tlog\cl.command.1.tlog
c:\1)_gdt_homework\1) ai game\week 13\180538a_alexanderneo_aigame_a2-main\ai\debug\ai.tlog\cl.read.1.tlog
c:\1)_gdt_homework\1) ai game\week 13\180538a_alexanderneo_aigame_a2-main\ai\debug\ai.tlog\cl.write.1.tlog
c:\1)_gdt_homework\1) ai game\week 13\180538a_alexanderneo_aigame_a2-main\ai\debug\ai.tlog\link.command.1.tlog
c:\1)_gdt_homework\1) ai game\week 13\180538a_alexanderneo_aigame_a2-main\ai\debug\ai.tlog\link.read.1.tlog
c:\1)_gdt_homework\1) ai game\week 13\180538a_alexanderneo_aigame_a2-main\ai\debug\ai.tlog\link.write.1.tlog
